<?xml version="1.0" encoding="UTF-8"?>
<testng-results skipped="0" failed="0" total="1" passed="1">
  <reporter-output>
  </reporter-output>
  <suite name="Default suite" duration-ms="741" started-at="2015-11-07T17:06:01Z" finished-at="2015-11-07T17:06:02Z">
    <groups>
    </groups>
    <test name="Default test" duration-ms="741" started-at="2015-11-07T17:06:01Z" finished-at="2015-11-07T17:06:02Z">
      <class name="mypack.Notepad">
        <test-method status="PASS" signature="f()[pri:0, instance:mypack.Notepad@b799cf]" name="f" duration-ms="700" started-at="2015-11-07T22:36:01Z" finished-at="2015-11-07T22:36:02Z">
          <reporter-output>
          </reporter-output>
        </test-method> <!-- f -->
      </class> <!-- mypack.Notepad -->
    </test> <!-- Default test -->
  </suite> <!-- Default suite -->
</testng-results>
