<?xml version="1.0" encoding="UTF-8"?>
<testng-results skipped="0" failed="0" total="1" passed="1">
  <reporter-output>
  </reporter-output>
  <suite name="Default suite" duration-ms="20361" started-at="2015-10-19T09:56:36Z" finished-at="2015-10-19T09:56:56Z">
    <groups>
    </groups>
    <test name="Default test" duration-ms="20361" started-at="2015-10-19T09:56:36Z" finished-at="2015-10-19T09:56:56Z">
      <class name="com.testNGdemo.Teestng">
        <test-method status="PASS" signature="s()[pri:0, instance:com.testNGdemo.Teestng@174be7]" name="s" is-config="true" duration-ms="13220" started-at="2015-10-19T15:26:36Z" finished-at="2015-10-19T15:26:49Z">
          <reporter-output>
          </reporter-output>
        </test-method> <!-- s -->
        <test-method status="PASS" signature="f()[pri:0, instance:com.testNGdemo.Teestng@174be7]" name="f" duration-ms="6686" started-at="2015-10-19T15:26:49Z" finished-at="2015-10-19T15:26:56Z">
          <reporter-output>
          </reporter-output>
        </test-method> <!-- f -->
        <test-method status="PASS" signature="c()[pri:0, instance:com.testNGdemo.Teestng@174be7]" name="c" is-config="true" duration-ms="405" started-at="2015-10-19T15:26:56Z" finished-at="2015-10-19T15:26:56Z">
          <reporter-output>
          </reporter-output>
        </test-method> <!-- c -->
      </class> <!-- com.testNGdemo.Teestng -->
    </test> <!-- Default test -->
  </suite> <!-- Default suite -->
</testng-results>
